-------------------------------------------------------------------------------
Test set: tiger.api.test.runner.TestRunner
-------------------------------------------------------------------------------
Tests run: 1, Failures: 1, Errors: 0, Skipped: 0, Time elapsed: 3.697 s <<< FAILURE! - in tiger.api.test.runner.TestRunner
runTest[1][1]  Time elapsed: 1.53 s  <<< FAILURE!
org.opentest4j.AssertionFailedError: 
java.lang.NullPointerException
classpath:features/CreateAccountFeature.feature:6

