-------------------------------------------------------------------------------
Test set: tiger.api.test.runner.TestRunner
-------------------------------------------------------------------------------
Tests run: 1, Failures: 1, Errors: 0, Skipped: 0, Time elapsed: 5.339 s <<< FAILURE! - in tiger.api.test.runner.TestRunner
runTest[1][1]  Time elapsed: 3.32 s  <<< FAILURE!
org.opentest4j.AssertionFailedError: 
status code was: 400, expected: 201, response time in milliseconds: 307, url: https://tek-insurance-api.azurewebsites.net/api/accounts/add-primary-account, response: 
{"errorCode":"ACCOUNT_EXIST","httpStatus":"BAD_REQUEST","errorMessage":"Account with Email samir3333@gmail.com is exist"}
classpath:features/CreateAccount.feature:17

